\BOOKMARK [1][-]{section.1}{\376\377\000S\000t\000u\000d\000y\000\040\000O\000v\000e\000r\000v\000i\000e\000w}{}% 1
\BOOKMARK [2][-]{subsection.1.1}{\376\377\000M\000a\000i\000n\000\040\000L\000a\000b\000o\000r\000a\000t\000o\000r\000y\000\040\000S\000t\000u\000d\000y}{section.1}% 2
\BOOKMARK [3][-]{subsubsection.1.1.1}{\376\377\000E\000x\000p\000e\000r\000i\000m\000e\000n\000t\000a\000l\000\040\000D\000e\000s\000i\000g\000n}{subsection.1.1}% 3
\BOOKMARK [3][-]{subsubsection.1.1.2}{\376\377\000P\000a\000r\000t\000i\000c\000i\000p\000a\000n\000t\000s\000\040\000a\000n\000d\000\040\000P\000r\000o\000c\000e\000d\000u\000r\000e}{subsection.1.1}% 4
\BOOKMARK [3][-]{subsubsection.1.1.3}{\376\377\000P\000i\000l\000o\000t\000\040\000T\000e\000s\000t\000i\000n\000g\000,\000\040\000V\000e\000r\000i\000f\000i\000c\000a\000t\000i\000o\000n\000,\000\040\000a\000n\000d\000\040\000P\000r\000e\000r\000e\000g\000i\000s\000t\000r\000a\000t\000i\000o\000n\000\040\000U\000p\000d\000a\000t\000e\000s}{subsection.1.1}% 5
\BOOKMARK [2][-]{subsection.1.2}{\376\377\000S\000a\000n\000i\000t\000y\000-\000C\000h\000e\000c\000k\000\040\000C\000l\000a\000s\000s\000r\000o\000o\000m\000\040\000S\000t\000u\000d\000y}{section.1}% 6
\BOOKMARK [3][-]{subsubsection.1.2.1}{\376\377\000E\000x\000p\000e\000r\000i\000m\000e\000n\000t\000a\000l\000\040\000D\000e\000s\000i\000g\000n}{subsection.1.2}% 7
\BOOKMARK [3][-]{subsubsection.1.2.2}{\376\377\000P\000a\000r\000t\000i\000c\000i\000p\000a\000n\000t\000s\000\040\000a\000n\000d\000\040\000P\000r\000o\000c\000e\000d\000u\000r\000e}{subsection.1.2}% 8
\BOOKMARK [2][-]{subsection.1.3}{\376\377\000M\000a\000t\000e\000r\000i\000a\000l\000s\000\040\000a\000n\000d\000\040\000C\000o\000d\000e\000\040\000A\000v\000a\000i\000l\000a\000b\000i\000l\000i\000t\000y}{section.1}% 9
\BOOKMARK [1][-]{section.2}{\376\377\000S\000t\000a\000t\000i\000s\000t\000i\000c\000a\000l\000\040\000A\000n\000a\000l\000y\000s\000i\000s}{}% 10
\BOOKMARK [2][-]{subsection.2.1}{\376\377\000C\000o\000n\000f\000i\000r\000m\000a\000t\000o\000r\000y\000\040\000A\000n\000a\000l\000y\000s\000e\000s}{section.2}% 11
\BOOKMARK [3][-]{subsubsection.2.1.1}{\376\377\000R\000Q\0001\000:\000\040\000D\000o\000\040\000a\000n\000y\000\040\000s\000e\000q\000u\000e\000n\000c\000e\000s\000\040\000s\000y\000s\000t\000e\000m\000a\000t\000i\000c\000a\000l\000l\000y\000\040\000a\000f\000f\000e\000c\000t\000\040\000t\000h\000e\000\040\000l\000i\000k\000e\000l\000i\000h\000o\000o\000d\000\040\000o\000f\000\040\000b\000e\000t\000t\000i\000n\000g\000\040\000r\000e\000l\000a\000t\000i\000v\000e\000\040\000t\000o\000\040\000t\000h\000e\000\040\000e\000x\000p\000e\000c\000t\000e\000d\000-\000u\000t\000i\000l\000i\000t\000y\040\023\000o\000p\000t\000i\000m\000a\000l\000\040\000c\000h\000o\000i\000c\000e\000?}{subsection.2.1}% 12
\BOOKMARK [3][-]{subsubsection.2.1.2}{\376\377\000R\000Q\0002\000:\000\040\000D\000o\000\040\000a\000n\000y\000\040\000s\000e\000q\000u\000e\000n\000c\000e\000s\000\040\000l\000e\000a\000d\000\040\000t\000o\000\040\000o\000v\000e\000r\000-\000\040\000o\000r\000\040\000u\000n\000d\000e\000r\000-\000s\000t\000a\000k\000i\000n\000g\000\040\000r\000e\000l\000a\000t\000i\000v\000e\000\040\000t\000o\000\040\000t\000h\000e\000\040\000e\000x\000p\000e\000c\000t\000e\000d\000-\000u\000t\000i\000l\000i\000t\000y\040\023\000o\000p\000t\000i\000m\000a\000l\000\040\000a\000m\000o\000u\000n\000t\000?}{subsection.2.1}% 13
\BOOKMARK [3][-]{subsubsection.2.1.3}{\376\377\000R\000Q\0003\000:\000\040\000D\000o\000\040\000a\000n\000y\000\040\000s\000e\000q\000u\000e\000n\000c\000e\000s\000\040\000i\000n\000c\000r\000e\000a\000s\000e\000\040\000c\000e\000r\000t\000a\000i\000n\000t\000y\000-\000e\000q\000u\000i\000v\000a\000l\000e\000n\000t\000\040\000l\000o\000s\000s\000e\000s\000\040\000f\000r\000o\000m\000\040\000s\000u\000b\000o\000p\000t\000i\000m\000a\000l\000\040\000b\000e\000t\000t\000i\000n\000g\000?}{subsection.2.1}% 14
\BOOKMARK [3][-]{subsubsection.2.1.4}{\376\377\000R\000Q\0004\000:\000\040\000D\000o\000\040\000a\000n\000y\000\040\000s\000e\000q\000u\000e\000n\000c\000e\000s\000\040\000s\000y\000s\000t\000e\000m\000a\000t\000i\000c\000a\000l\000l\000y\000\040\000b\000i\000a\000s\000\040\000s\000i\000d\000e\000\040\000c\000h\000o\000i\000c\000e\000s\000\040\000t\000o\000w\000a\000r\000d\000\040\000H\000e\000a\000d\000s\000\040\000o\000r\000\040\000T\000a\000i\000l\000s\000?}{subsection.2.1}% 15
\BOOKMARK [2][-]{subsection.2.2}{\376\377\000E\000x\000p\000l\000o\000r\000a\000t\000o\000r\000y\000\040\000A\000n\000a\000l\000y\000s\000e\000s}{section.2}% 16
\BOOKMARK [3][-]{subsubsection.2.2.1}{\376\377\000E\000X\0001\000:\000\040\000H\000o\000t\000-\000h\000a\000n\000d\000i\000s\000h\000\040\000a\000n\000d\000\040\000g\000a\000m\000b\000l\000e\000r\000i\000s\000h\000\040\000p\000a\000t\000t\000e\000r\000n\000s\000\040\000i\000n\000\040\000s\000i\000d\000e\000\040\000c\000h\000o\000i\000c\000e}{subsection.2.2}% 17
\BOOKMARK [3][-]{subsubsection.2.2.2}{\376\377\000E\000X\0002\000:\000\040\000P\000a\000r\000t\000i\000c\000i\000p\000a\000n\000t\000-\000l\000e\000v\000e\000l\000\040\000a\000s\000s\000o\000c\000i\000a\000t\000i\000o\000n\000s\000\040\000w\000i\000t\000h\000\040\000o\000p\000t\000i\000m\000i\000s\000m\000\040\000a\000n\000d\000\040\000r\000e\000s\000p\000o\000n\000s\000e\000\040\000t\000i\000m\000e\000\040\000a\000c\000r\000o\000s\000s\000\040\000R\000Q\0001\040\023\000R\000Q\0004}{subsection.2.2}% 18
\BOOKMARK [3][-]{subsubsection.2.2.3}{\376\377\000E\000X\0003\000:\000\040\000F\000a\000l\000s\000e\040\023\000P\000o\000s\000i\000t\000i\000v\000e\000\040\000t\000r\000e\000a\000t\000m\000e\000n\000t\000\040\000r\000e\000p\000l\000i\000c\000a\000t\000i\000o\000n\000\040\000a\000n\000d\000\040\000F\000N\040\023\000F\000P\000\040\000c\000o\000n\000t\000r\000a\000s\000t\000s}{subsection.2.2}% 19
\BOOKMARK [3][-]{subsubsection.2.2.4}{\376\377\000E\000X\0004\000:\000\040\000S\000i\000m\000i\000l\000a\000r\000i\000t\000y\000\040\000B\000e\000t\000w\000e\000e\000n\000\040\000A\000n\000c\000h\000o\000r\000-\000B\000a\000s\000e\000d\000\040\000a\000n\000d\000\040\000C\000a\000n\000o\000n\000i\000c\000a\000l\000\040\000R\000u\000l\000e\000-\000B\000a\000s\000e\000d\000\040\000C\000l\000a\000s\000s\000i\000f\000i\000c\000a\000t\000i\000o\000n\000s}{subsection.2.2}% 20
\BOOKMARK [1][-]{appendix.A}{\376\377\000B\000a\000y\000e\000s\000i\000a\000n\000\040\000M\000o\000d\000e\000l\000l\000i\000n\000g\000\040\000F\000r\000a\000m\000e\000w\000o\000r\000k\000\040\000a\000n\000d\000\040\000R\000o\000b\000u\000s\000t\000n\000e\000s\000s\000\040\000P\000r\000o\000c\000e\000d\000u\000r\000e\000s}{}% 21
\BOOKMARK [2][-]{subsection.A.1}{\376\377\000P\000r\000i\000o\000r\000s}{appendix.A}% 22
\BOOKMARK [2][-]{subsection.A.2}{\376\377\000L\000i\000k\000e\000l\000i\000h\000o\000o\000d\000s}{appendix.A}% 23
\BOOKMARK [2][-]{subsection.A.3}{\376\377\000P\000o\000s\000t\000e\000r\000i\000o\000r\000s}{appendix.A}% 24
\BOOKMARK [2][-]{subsection.A.4}{\376\377\000S\000e\000s\000s\000i\000o\000n\000\040\000D\000r\000i\000f\000t\000\040\000A\000d\000j\000u\000s\000t\000m\000e\000n\000t}{appendix.A}% 25
\BOOKMARK [2][-]{subsection.A.5}{\376\377\000S\000e\000n\000s\000i\000t\000i\000v\000i\000t\000y\000\040\000a\000n\000d\000\040\000R\000o\000b\000u\000s\000t\000n\000e\000s\000s\000\040\000A\000n\000a\000l\000y\000s\000e\000s}{appendix.A}% 26
\BOOKMARK [2][-]{subsection.A.6}{\376\377\000P\000a\000r\000a\000m\000e\000t\000e\000r\000s\000\040\000a\000n\000d\000\040\000I\000n\000d\000i\000c\000e\000s}{appendix.A}% 27
\BOOKMARK [3][-]{subsubsection.A.6.1}{\376\377\000H\000o\000l\000t\040\023\000L\000a\000u\000r\000y\000\040\000R\000i\000s\000k\000\040\000P\000r\000e\000f\000e\000r\000e\000n\000c\000e\000s\000\040\000\050\000r\000\051}{subsection.A.6}% 28
\BOOKMARK [3][-]{subsubsection.A.6.2}{\376\377\000E\000x\000p\000e\000c\000t\000e\000d\000-\000U\000t\000i\000l\000i\000t\000y\040\023\000O\000p\000t\000i\000m\000a\000l\000\040\000S\000t\000a\000k\000e\000s\000\040\000\050\000a\000,\000a\000*\000\051}{subsection.A.6}% 29
\BOOKMARK [3][-]{subsubsection.A.6.3}{\376\377\000C\000e\000r\000t\000a\000i\000n\000t\000y\000\040\000E\000q\000u\000i\000v\000a\000l\000e\000n\000t\000\040\000\050\000c\000\051}{subsection.A.6}% 30
\BOOKMARK [1][-]{appendix.B}{\376\377\000E\000x\000p\000e\000r\000i\000m\000e\000n\000t\000a\000l\000\040\000M\000a\000t\000e\000r\000i\000a\000l\000s}{}% 31
\BOOKMARK [2][-]{subsection.B.1}{\376\377\000S\000e\000q\000u\000e\000n\000c\000e\000\040\000B\000e\000t\000t\000i\000n\000g\000\040\000T\000a\000s\000k\000\040\000D\000e\000c\000i\000s\000i\000o\000n\000\040\000I\000n\000t\000e\000r\000f\000a\000c\000e}{appendix.B}% 32
